2026-07-18 18:35:42,650 - INFO - Starting storage upload process
2026-07-18 18:35:42,656 - INFO - Loaded config from c:\Users\Lenovo\CascadeProjects\codebase\storage\storage_config.yaml
2026-07-18 18:35:42,656 - INFO - Processing events partitioning
2026-07-18 18:35:42,657 - INFO - Reading events from c:\Users\Lenovo\CascadeProjects\codebase\data/raw/events_clean.csv
2026-07-18 18:35:42,702 - INFO - Read 10000 events from CSV
2026-07-18 18:35:43,278 - INFO - Wrote 30 rows to c:\Users\Lenovo\CascadeProjects\codebase\storage/raw\events\year=2024\month=01\day=01\events.parquet
2026-07-18 18:35:43,289 - INFO - Wrote 21 rows to c:\Users\Lenovo\CascadeProjects\codebase\storage/raw\events\year=2024\month=01\day=02\events.parquet
2026-07-18 18:35:43,303 - INFO - Wrote 23 rows to c:\Users\Lenovo\CascadeProjects\codebase\storage/raw\events\year=2024\month=01\day=03\events.parquet
2026-07-18 18:35:43,321 - INFO - Wrote 29 rows to c:\Users\Lenovo\CascadeProjects\codebase\storage/raw\events\year=2024\month=01\day=04\events.parquet
2026-07-18 18:35:43,338 - INFO - Wrote 29 rows to c:\Users\Lenovo\CascadeProjects\codebase\storage/raw\events\year=2024\month=01\day=05\events.parquet
2026-07-18 18:35:43,350 - INFO - Wrote 30 rows to c:\Users\Lenovo\CascadeProjects\codebase\storage/raw\events\year=2024\month=01\day=06\events.parquet
2026-07-18 18:35:43,365 - INFO - Wrote 30 rows to c:\Users\Lenovo\CascadeProjects\codebase\storage/raw\events\year=2024\month=01\day=07\events.parquet
2026-07-18 18:35:43,377 - INFO - Wrote 23 rows to c:\Users\Lenovo\CascadeProjects\codebase\storage/raw\events\year=2024\month=01\day=08\events.parquet
2026-07-18 18:35:43,387 - INFO - Wrote 40 rows to c:\Users\Lenovo\CascadeProjects\codebase\storage/raw\events\year=2024\month=01\day=09\events.parquet
2026-07-18 18:35:43,396 - INFO - Wrote 23 rows to c:\Users\Lenovo\CascadeProjects\codebase\storage/raw\events\year=2024\month=01\day=10\events.parquet
2026-07-18 18:35:43,408 - INFO - Wrote 28 rows to c:\Users\Lenovo\CascadeProjects\codebase\storage/raw\events\year=2024\month=01\day=11\events.parquet
2026-07-18 18:35:43,419 - INFO - Wrote 20 rows to c:\Users\Lenovo\CascadeProjects\codebase\storage/raw\events\year=2024\month=01\day=12\events.parquet
2026-07-18 18:35:43,427 - INFO - Wrote 25 rows to c:\Users\Lenovo\CascadeProjects\codebase\storage/raw\events\year=2024\month=01\day=13\events.parquet
2026-07-18 18:35:43,438 - INFO - Wrote 29 rows to c:\Users\Lenovo\CascadeProjects\codebase\storage/raw\events\year=2024\month=01\day=14\events.parquet
2026-07-18 18:35:43,448 - INFO - Wrote 22 rows to c:\Users\Lenovo\CascadeProjects\codebase\storage/raw\events\year=2024\month=01\day=15\events.parquet
2026-07-18 18:35:43,462 - INFO - Wrote 37 rows to c:\Users\Lenovo\CascadeProjects\codebase\storage/raw\events\year=2024\month=01\day=16\events.parquet
2026-07-18 18:35:43,488 - INFO - Wrote 40 rows to c:\Users\Lenovo\CascadeProjects\codebase\storage/raw\events\year=2024\month=01\day=17\events.parquet
2026-07-18 18:35:43,515 - INFO - Wrote 28 rows to c:\Users\Lenovo\CascadeProjects\codebase\storage/raw\events\year=2024\month=01\day=18\events.parquet
2026-07-18 18:35:43,538 - INFO - Wrote 33 rows to c:\Users\Lenovo\CascadeProjects\codebase\storage/raw\events\year=2024\month=01\day=19\events.parquet
2026-07-18 18:35:43,552 - INFO - Wrote 28 rows to c:\Users\Lenovo\CascadeProjects\codebase\storage/raw\events\year=2024\month=01\day=20\events.parquet
2026-07-18 18:35:43,568 - INFO - Wrote 23 rows to c:\Users\Lenovo\CascadeProjects\codebase\storage/raw\events\year=2024\month=01\day=21\events.parquet
2026-07-18 18:35:43,582 - INFO - Wrote 28 rows to c:\Users\Lenovo\CascadeProjects\codebase\storage/raw\events\year=2024\month=01\day=22\events.parquet
2026-07-18 18:35:43,593 - INFO - Wrote 25 rows to c:\Users\Lenovo\CascadeProjects\codebase\storage/raw\events\year=2024\month=01\day=23\events.parquet
2026-07-18 18:35:43,607 - INFO - Wrote 17 rows to c:\Users\Lenovo\CascadeProjects\codebase\storage/raw\events\year=2024\month=01\day=24\events.parquet
2026-07-18 18:35:43,621 - INFO - Wrote 36 rows to c:\Users\Lenovo\CascadeProjects\codebase\storage/raw\events\year=2024\month=01\day=25\events.parquet
2026-07-18 18:35:43,632 - INFO - Wrote 38 rows to c:\Users\Lenovo\CascadeProjects\codebase\storage/raw\events\year=2024\month=01\day=26\events.parquet
2026-07-18 18:35:43,644 - INFO - Wrote 28 rows to c:\Users\Lenovo\CascadeProjects\codebase\storage/raw\events\year=2024\month=01\day=27\events.parquet
2026-07-18 18:35:43,659 - INFO - Wrote 27 rows to c:\Users\Lenovo\CascadeProjects\codebase\storage/raw\events\year=2024\month=01\day=28\events.parquet
2026-07-18 18:35:43,674 - INFO - Wrote 27 rows to c:\Users\Lenovo\CascadeProjects\codebase\storage/raw\events\year=2024\month=01\day=29\events.parquet
2026-07-18 18:35:43,689 - INFO - Wrote 25 rows to c:\Users\Lenovo\CascadeProjects\codebase\storage/raw\events\year=2024\month=01\day=30\events.parquet
2026-07-18 18:35:43,709 - INFO - Wrote 26 rows to c:\Users\Lenovo\CascadeProjects\codebase\storage/raw\events\year=2024\month=01\day=31\events.parquet
2026-07-18 18:35:43,723 - INFO - Wrote 33 rows to c:\Users\Lenovo\CascadeProjects\codebase\storage/raw\events\year=2024\month=02\day=01\events.parquet
2026-07-18 18:35:43,738 - INFO - Wrote 32 rows to c:\Users\Lenovo\CascadeProjects\codebase\storage/raw\events\year=2024\month=02\day=02\events.parquet
2026-07-18 18:35:43,754 - INFO - Wrote 35 rows to c:\Users\Lenovo\CascadeProjects\codebase\storage/raw\events\year=2024\month=02\day=03\events.parquet
2026-07-18 18:35:43,783 - INFO - Wrote 29 rows to c:\Users\Lenovo\CascadeProjects\codebase\storage/raw\events\year=2024\month=02\day=04\events.parquet
2026-07-18 18:35:43,808 - INFO - Wrote 28 rows to c:\Users\Lenovo\CascadeProjects\codebase\storage/raw\events\year=2024\month=02\day=05\events.parquet
2026-07-18 18:35:43,822 - INFO - Wrote 27 rows to c:\Users\Lenovo\CascadeProjects\codebase\storage/raw\events\year=2024\month=02\day=06\events.parquet
2026-07-18 18:35:43,841 - INFO - Wrote 29 rows to c:\Users\Lenovo\CascadeProjects\codebase\storage/raw\events\year=2024\month=02\day=07\events.parquet
2026-07-18 18:35:43,853 - INFO - Wrote 24 rows to c:\Users\Lenovo\CascadeProjects\codebase\storage/raw\events\year=2024\month=02\day=08\events.parquet
2026-07-18 18:35:43,867 - INFO - Wrote 30 rows to c:\Users\Lenovo\CascadeProjects\codebase\storage/raw\events\year=2024\month=02\day=09\events.parquet
2026-07-18 18:35:43,878 - INFO - Wrote 28 rows to c:\Users\Lenovo\CascadeProjects\codebase\storage/raw\events\year=2024\month=02\day=10\events.parquet
2026-07-18 18:35:43,890 - INFO - Wrote 24 rows to c:\Users\Lenovo\CascadeProjects\codebase\storage/raw\events\year=2024\month=02\day=11\events.parquet
2026-07-18 18:35:43,900 - INFO - Wrote 33 rows to c:\Users\Lenovo\CascadeProjects\codebase\storage/raw\events\year=2024\month=02\day=12\events.parquet
2026-07-18 18:35:43,912 - INFO - Wrote 24 rows to c:\Users\Lenovo\CascadeProjects\codebase\storage/raw\events\year=2024\month=02\day=13\events.parquet
2026-07-18 18:35:43,925 - INFO - Wrote 30 rows to c:\Users\Lenovo\CascadeProjects\codebase\storage/raw\events\year=2024\month=02\day=14\events.parquet
2026-07-18 18:35:43,940 - INFO - Wrote 28 rows to c:\Users\Lenovo\CascadeProjects\codebase\storage/raw\events\year=2024\month=02\day=15\events.parquet
2026-07-18 18:35:43,955 - INFO - Wrote 30 rows to c:\Users\Lenovo\CascadeProjects\codebase\storage/raw\events\year=2024\month=02\day=16\events.parquet
2026-07-18 18:35:43,969 - INFO - Wrote 30 rows to c:\Users\Lenovo\CascadeProjects\codebase\storage/raw\events\year=2024\month=02\day=17\events.parquet
2026-07-18 18:35:43,985 - INFO - Wrote 29 rows to c:\Users\Lenovo\CascadeProjects\codebase\storage/raw\events\year=2024\month=02\day=18\events.parquet
2026-07-18 18:35:44,008 - INFO - Wrote 31 rows to c:\Users\Lenovo\CascadeProjects\codebase\storage/raw\events\year=2024\month=02\day=19\events.parquet
2026-07-18 18:35:44,023 - INFO - Wrote 20 rows to c:\Users\Lenovo\CascadeProjects\codebase\storage/raw\events\year=2024\month=02\day=20\events.parquet
2026-07-18 18:35:44,042 - INFO - Wrote 32 rows to c:\Users\Lenovo\CascadeProjects\codebase\storage/raw\events\year=2024\month=02\day=21\events.parquet
2026-07-18 18:35:44,057 - INFO - Wrote 29 rows to c:\Users\Lenovo\CascadeProjects\codebase\storage/raw\events\year=2024\month=02\day=22\events.parquet
2026-07-18 18:35:44,070 - INFO - Wrote 25 rows to c:\Users\Lenovo\CascadeProjects\codebase\storage/raw\events\year=2024\month=02\day=23\events.parquet
2026-07-18 18:35:44,082 - INFO - Wrote 25 rows to c:\Users\Lenovo\CascadeProjects\codebase\storage/raw\events\year=2024\month=02\day=24\events.parquet
2026-07-18 18:35:44,178 - INFO - Wrote 29 rows to c:\Users\Lenovo\CascadeProjects\codebase\storage/raw\events\year=2024\month=02\day=25\events.parquet
2026-07-18 18:35:44,247 - INFO - Wrote 28 rows to c:\Users\Lenovo\CascadeProjects\codebase\storage/raw\events\year=2024\month=02\day=26\events.parquet
2026-07-18 18:35:44,295 - INFO - Wrote 27 rows to c:\Users\Lenovo\CascadeProjects\codebase\storage/raw\events\year=2024\month=02\day=27\events.parquet
2026-07-18 18:35:44,323 - INFO - Wrote 20 rows to c:\Users\Lenovo\CascadeProjects\codebase\storage/raw\events\year=2024\month=02\day=28\events.parquet
2026-07-18 18:35:44,365 - INFO - Wrote 30 rows to c:\Users\Lenovo\CascadeProjects\codebase\storage/raw\events\year=2024\month=02\day=29\events.parquet
2026-07-18 18:35:44,379 - INFO - Wrote 26 rows to c:\Users\Lenovo\CascadeProjects\codebase\storage/raw\events\year=2024\month=03\day=01\events.parquet
2026-07-18 18:35:44,408 - INFO - Wrote 34 rows to c:\Users\Lenovo\CascadeProjects\codebase\storage/raw\events\year=2024\month=03\day=02\events.parquet
2026-07-18 18:35:44,434 - INFO - Wrote 25 rows to c:\Users\Lenovo\CascadeProjects\codebase\storage/raw\events\year=2024\month=03\day=03\events.parquet
2026-07-18 18:35:44,446 - INFO - Wrote 22 rows to c:\Users\Lenovo\CascadeProjects\codebase\storage/raw\events\year=2024\month=03\day=04\events.parquet
2026-07-18 18:35:44,459 - INFO - Wrote 25 rows to c:\Users\Lenovo\CascadeProjects\codebase\storage/raw\events\year=2024\month=03\day=05\events.parquet
2026-07-18 18:35:44,474 - INFO - Wrote 33 rows to c:\Users\Lenovo\CascadeProjects\codebase\storage/raw\events\year=2024\month=03\day=06\events.parquet
2026-07-18 18:35:44,485 - INFO - Wrote 22 rows to c:\Users\Lenovo\CascadeProjects\codebase\storage/raw\events\year=2024\month=03\day=07\events.parquet
2026-07-18 18:35:44,496 - INFO - Wrote 23 rows to c:\Users\Lenovo\CascadeProjects\codebase\storage/raw\events\year=2024\month=03\day=08\events.parquet
2026-07-18 18:35:44,510 - INFO - Wrote 24 rows to c:\Users\Lenovo\CascadeProjects\codebase\storage/raw\events\year=2024\month=03\day=09\events.parquet
2026-07-18 18:35:44,523 - INFO - Wrote 22 rows to c:\Users\Lenovo\CascadeProjects\codebase\storage/raw\events\year=2024\month=03\day=10\events.parquet
2026-07-18 18:35:44,534 - INFO - Wrote 32 rows to c:\Users\Lenovo\CascadeProjects\codebase\storage/raw\events\year=2024\month=03\day=11\events.parquet
2026-07-18 18:35:44,545 - INFO - Wrote 18 rows to c:\Users\Lenovo\CascadeProjects\codebase\storage/raw\events\year=2024\month=03\day=12\events.parquet
2026-07-18 18:35:44,562 - INFO - Wrote 30 rows to c:\Users\Lenovo\CascadeProjects\codebase\storage/raw\events\year=2024\month=03\day=13\events.parquet
2026-07-18 18:35:44,579 - INFO - Wrote 32 rows to c:\Users\Lenovo\CascadeProjects\codebase\storage/raw\events\year=2024\month=03\day=14\events.parquet
2026-07-18 18:35:44,591 - INFO - Wrote 35 rows to c:\Users\Lenovo\CascadeProjects\codebase\storage/raw\events\year=2024\month=03\day=15\events.parquet
2026-07-18 18:35:44,607 - INFO - Wrote 30 rows to c:\Users\Lenovo\CascadeProjects\codebase\storage/raw\events\year=2024\month=03\day=16\events.parquet
2026-07-18 18:35:44,622 - INFO - Wrote 36 rows to c:\Users\Lenovo\CascadeProjects\codebase\storage/raw\events\year=2024\month=03\day=17\events.parquet
2026-07-18 18:35:44,638 - INFO - Wrote 27 rows to c:\Users\Lenovo\CascadeProjects\codebase\storage/raw\events\year=2024\month=03\day=18\events.parquet
2026-07-18 18:35:44,650 - INFO - Wrote 17 rows to c:\Users\Lenovo\CascadeProjects\codebase\storage/raw\events\year=2024\month=03\day=19\events.parquet
2026-07-18 18:35:44,662 - INFO - Wrote 24 rows to c:\Users\Lenovo\CascadeProjects\codebase\storage/raw\events\year=2024\month=03\day=20\events.parquet
2026-07-18 18:35:44,677 - INFO - Wrote 25 rows to c:\Users\Lenovo\CascadeProjects\codebase\storage/raw\events\year=2024\month=03\day=21\events.parquet
2026-07-18 18:35:44,695 - INFO - Wrote 30 rows to c:\Users\Lenovo\CascadeProjects\codebase\storage/raw\events\year=2024\month=03\day=22\events.parquet
2026-07-18 18:35:44,708 - INFO - Wrote 30 rows to c:\Users\Lenovo\CascadeProjects\codebase\storage/raw\events\year=2024\month=03\day=23\events.parquet
2026-07-18 18:35:44,722 - INFO - Wrote 31 rows to c:\Users\Lenovo\CascadeProjects\codebase\storage/raw\events\year=2024\month=03\day=24\events.parquet
2026-07-18 18:35:44,739 - INFO - Wrote 27 rows to c:\Users\Lenovo\CascadeProjects\codebase\storage/raw\events\year=2024\month=03\day=25\events.parquet
2026-07-18 18:35:44,754 - INFO - Wrote 26 rows to c:\Users\Lenovo\CascadeProjects\codebase\storage/raw\events\year=2024\month=03\day=26\events.parquet
2026-07-18 18:35:44,767 - INFO - Wrote 26 rows to c:\Users\Lenovo\CascadeProjects\codebase\storage/raw\events\year=2024\month=03\day=27\events.parquet
2026-07-18 18:35:44,780 - INFO - Wrote 27 rows to c:\Users\Lenovo\CascadeProjects\codebase\storage/raw\events\year=2024\month=03\day=28\events.parquet
2026-07-18 18:35:44,794 - INFO - Wrote 19 rows to c:\Users\Lenovo\CascadeProjects\codebase\storage/raw\events\year=2024\month=03\day=29\events.parquet
2026-07-18 18:35:44,812 - INFO - Wrote 31 rows to c:\Users\Lenovo\CascadeProjects\codebase\storage/raw\events\year=2024\month=03\day=30\events.parquet
2026-07-18 18:35:44,824 - INFO - Wrote 26 rows to c:\Users\Lenovo\CascadeProjects\codebase\storage/raw\events\year=2024\month=03\day=31\events.parquet
2026-07-18 18:35:44,840 - INFO - Wrote 30 rows to c:\Users\Lenovo\CascadeProjects\codebase\storage/raw\events\year=2024\month=04\day=01\events.parquet
2026-07-18 18:35:44,853 - INFO - Wrote 25 rows to c:\Users\Lenovo\CascadeProjects\codebase\storage/raw\events\year=2024\month=04\day=02\events.parquet
2026-07-18 18:35:44,869 - INFO - Wrote 22 rows to c:\Users\Lenovo\CascadeProjects\codebase\storage/raw\events\year=2024\month=04\day=03\events.parquet
2026-07-18 18:35:44,879 - INFO - Wrote 21 rows to c:\Users\Lenovo\CascadeProjects\codebase\storage/raw\events\year=2024\month=04\day=04\events.parquet
2026-07-18 18:35:44,893 - INFO - Wrote 25 rows to c:\Users\Lenovo\CascadeProjects\codebase\storage/raw\events\year=2024\month=04\day=05\events.parquet
2026-07-18 18:35:44,906 - INFO - Wrote 29 rows to c:\Users\Lenovo\CascadeProjects\codebase\storage/raw\events\year=2024\month=04\day=06\events.parquet
2026-07-18 18:35:44,921 - INFO - Wrote 23 rows to c:\Users\Lenovo\CascadeProjects\codebase\storage/raw\events\year=2024\month=04\day=07\events.parquet
2026-07-18 18:35:44,932 - INFO - Wrote 22 rows to c:\Users\Lenovo\CascadeProjects\codebase\storage/raw\events\year=2024\month=04\day=08\events.parquet
2026-07-18 18:35:44,944 - INFO - Wrote 24 rows to c:\Users\Lenovo\CascadeProjects\codebase\storage/raw\events\year=2024\month=04\day=09\events.parquet
2026-07-18 18:35:44,957 - INFO - Wrote 28 rows to c:\Users\Lenovo\CascadeProjects\codebase\storage/raw\events\year=2024\month=04\day=10\events.parquet
2026-07-18 18:35:44,968 - INFO - Wrote 29 rows to c:\Users\Lenovo\CascadeProjects\codebase\storage/raw\events\year=2024\month=04\day=11\events.parquet
2026-07-18 18:35:44,980 - INFO - Wrote 30 rows to c:\Users\Lenovo\CascadeProjects\codebase\storage/raw\events\year=2024\month=04\day=12\events.parquet
2026-07-18 18:35:44,993 - INFO - Wrote 33 rows to c:\Users\Lenovo\CascadeProjects\codebase\storage/raw\events\year=2024\month=04\day=13\events.parquet
2026-07-18 18:35:45,018 - INFO - Wrote 38 rows to c:\Users\Lenovo\CascadeProjects\codebase\storage/raw\events\year=2024\month=04\day=14\events.parquet
2026-07-18 18:35:45,033 - INFO - Wrote 25 rows to c:\Users\Lenovo\CascadeProjects\codebase\storage/raw\events\year=2024\month=04\day=15\events.parquet
2026-07-18 18:35:45,056 - INFO - Wrote 23 rows to c:\Users\Lenovo\CascadeProjects\codebase\storage/raw\events\year=2024\month=04\day=16\events.parquet
2026-07-18 18:35:45,074 - INFO - Wrote 25 rows to c:\Users\Lenovo\CascadeProjects\codebase\storage/raw\events\year=2024\month=04\day=17\events.parquet
2026-07-18 18:35:45,089 - INFO - Wrote 28 rows to c:\Users\Lenovo\CascadeProjects\codebase\storage/raw\events\year=2024\month=04\day=18\events.parquet
2026-07-18 18:35:45,105 - INFO - Wrote 14 rows to c:\Users\Lenovo\CascadeProjects\codebase\storage/raw\events\year=2024\month=04\day=19\events.parquet
2026-07-18 18:35:45,122 - INFO - Wrote 29 rows to c:\Users\Lenovo\CascadeProjects\codebase\storage/raw\events\year=2024\month=04\day=20\events.parquet
2026-07-18 18:35:45,138 - INFO - Wrote 29 rows to c:\Users\Lenovo\CascadeProjects\codebase\storage/raw\events\year=2024\month=04\day=21\events.parquet
2026-07-18 18:35:45,151 - INFO - Wrote 26 rows to c:\Users\Lenovo\CascadeProjects\codebase\storage/raw\events\year=2024\month=04\day=22\events.parquet
2026-07-18 18:35:45,162 - INFO - Wrote 38 rows to c:\Users\Lenovo\CascadeProjects\codebase\storage/raw\events\year=2024\month=04\day=23\events.parquet
2026-07-18 18:35:45,183 - INFO - Wrote 29 rows to c:\Users\Lenovo\CascadeProjects\codebase\storage/raw\events\year=2024\month=04\day=24\events.parquet
2026-07-18 18:35:45,203 - INFO - Wrote 20 rows to c:\Users\Lenovo\CascadeProjects\codebase\storage/raw\events\year=2024\month=04\day=25\events.parquet
2026-07-18 18:35:45,220 - INFO - Wrote 22 rows to c:\Users\Lenovo\CascadeProjects\codebase\storage/raw\events\year=2024\month=04\day=26\events.parquet
2026-07-18 18:35:45,235 - INFO - Wrote 30 rows to c:\Users\Lenovo\CascadeProjects\codebase\storage/raw\events\year=2024\month=04\day=27\events.parquet
2026-07-18 18:35:45,252 - INFO - Wrote 33 rows to c:\Users\Lenovo\CascadeProjects\codebase\storage/raw\events\year=2024\month=04\day=28\events.parquet
2026-07-18 18:35:45,268 - INFO - Wrote 23 rows to c:\Users\Lenovo\CascadeProjects\codebase\storage/raw\events\year=2024\month=04\day=29\events.parquet
2026-07-18 18:35:45,296 - INFO - Wrote 28 rows to c:\Users\Lenovo\CascadeProjects\codebase\storage/raw\events\year=2024\month=04\day=30\events.parquet
2026-07-18 18:35:45,320 - INFO - Wrote 27 rows to c:\Users\Lenovo\CascadeProjects\codebase\storage/raw\events\year=2024\month=05\day=01\events.parquet
2026-07-18 18:35:45,330 - INFO - Wrote 22 rows to c:\Users\Lenovo\CascadeProjects\codebase\storage/raw\events\year=2024\month=05\day=02\events.parquet
2026-07-18 18:35:45,352 - INFO - Wrote 29 rows to c:\Users\Lenovo\CascadeProjects\codebase\storage/raw\events\year=2024\month=05\day=03\events.parquet
2026-07-18 18:35:45,366 - INFO - Wrote 29 rows to c:\Users\Lenovo\CascadeProjects\codebase\storage/raw\events\year=2024\month=05\day=04\events.parquet
2026-07-18 18:35:45,378 - INFO - Wrote 28 rows to c:\Users\Lenovo\CascadeProjects\codebase\storage/raw\events\year=2024\month=05\day=05\events.parquet
2026-07-18 18:35:45,394 - INFO - Wrote 35 rows to c:\Users\Lenovo\CascadeProjects\codebase\storage/raw\events\year=2024\month=05\day=06\events.parquet
2026-07-18 18:35:45,405 - INFO - Wrote 33 rows to c:\Users\Lenovo\CascadeProjects\codebase\storage/raw\events\year=2024\month=05\day=07\events.parquet
2026-07-18 18:35:45,419 - INFO - Wrote 29 rows to c:\Users\Lenovo\CascadeProjects\codebase\storage/raw\events\year=2024\month=05\day=08\events.parquet
2026-07-18 18:35:45,436 - INFO - Wrote 31 rows to c:\Users\Lenovo\CascadeProjects\codebase\storage/raw\events\year=2024\month=05\day=09\events.parquet
2026-07-18 18:35:45,444 - INFO - Wrote 27 rows to c:\Users\Lenovo\CascadeProjects\codebase\storage/raw\events\year=2024\month=05\day=10\events.parquet
2026-07-18 18:35:45,456 - INFO - Wrote 25 rows to c:\Users\Lenovo\CascadeProjects\codebase\storage/raw\events\year=2024\month=05\day=11\events.parquet
2026-07-18 18:35:45,465 - INFO - Wrote 18 rows to c:\Users\Lenovo\CascadeProjects\codebase\storage/raw\events\year=2024\month=05\day=12\events.parquet
2026-07-18 18:35:45,478 - INFO - Wrote 26 rows to c:\Users\Lenovo\CascadeProjects\codebase\storage/raw\events\year=2024\month=05\day=13\events.parquet
2026-07-18 18:35:45,493 - INFO - Wrote 20 rows to c:\Users\Lenovo\CascadeProjects\codebase\storage/raw\events\year=2024\month=05\day=14\events.parquet
2026-07-18 18:35:45,512 - INFO - Wrote 38 rows to c:\Users\Lenovo\CascadeProjects\codebase\storage/raw\events\year=2024\month=05\day=15\events.parquet
2026-07-18 18:35:45,526 - INFO - Wrote 29 rows to c:\Users\Lenovo\CascadeProjects\codebase\storage/raw\events\year=2024\month=05\day=16\events.parquet
2026-07-18 18:35:45,548 - INFO - Wrote 27 rows to c:\Users\Lenovo\CascadeProjects\codebase\storage/raw\events\year=2024\month=05\day=17\events.parquet
2026-07-18 18:35:45,562 - INFO - Wrote 35 rows to c:\Users\Lenovo\CascadeProjects\codebase\storage/raw\events\year=2024\month=05\day=18\events.parquet
2026-07-18 18:35:45,577 - INFO - Wrote 27 rows to c:\Users\Lenovo\CascadeProjects\codebase\storage/raw\events\year=2024\month=05\day=19\events.parquet
2026-07-18 18:35:45,605 - INFO - Wrote 24 rows to c:\Users\Lenovo\CascadeProjects\codebase\storage/raw\events\year=2024\month=05\day=20\events.parquet
2026-07-18 18:35:45,620 - INFO - Wrote 31 rows to c:\Users\Lenovo\CascadeProjects\codebase\storage/raw\events\year=2024\month=05\day=21\events.parquet
2026-07-18 18:35:45,638 - INFO - Wrote 29 rows to c:\Users\Lenovo\CascadeProjects\codebase\storage/raw\events\year=2024\month=05\day=22\events.parquet
2026-07-18 18:35:45,652 - INFO - Wrote 18 rows to c:\Users\Lenovo\CascadeProjects\codebase\storage/raw\events\year=2024\month=05\day=23\events.parquet
2026-07-18 18:35:45,673 - INFO - Wrote 35 rows to c:\Users\Lenovo\CascadeProjects\codebase\storage/raw\events\year=2024\month=05\day=24\events.parquet
2026-07-18 18:35:45,689 - INFO - Wrote 22 rows to c:\Users\Lenovo\CascadeProjects\codebase\storage/raw\events\year=2024\month=05\day=25\events.parquet
2026-07-18 18:35:45,702 - INFO - Wrote 27 rows to c:\Users\Lenovo\CascadeProjects\codebase\storage/raw\events\year=2024\month=05\day=26\events.parquet
2026-07-18 18:35:45,709 - INFO - Wrote 31 rows to c:\Users\Lenovo\CascadeProjects\codebase\storage/raw\events\year=2024\month=05\day=27\events.parquet
2026-07-18 18:35:45,724 - INFO - Wrote 28 rows to c:\Users\Lenovo\CascadeProjects\codebase\storage/raw\events\year=2024\month=05\day=28\events.parquet
2026-07-18 18:35:45,742 - INFO - Wrote 33 rows to c:\Users\Lenovo\CascadeProjects\codebase\storage/raw\events\year=2024\month=05\day=29\events.parquet
2026-07-18 18:35:45,754 - INFO - Wrote 31 rows to c:\Users\Lenovo\CascadeProjects\codebase\storage/raw\events\year=2024\month=05\day=30\events.parquet
2026-07-18 18:35:45,769 - INFO - Wrote 25 rows to c:\Users\Lenovo\CascadeProjects\codebase\storage/raw\events\year=2024\month=05\day=31\events.parquet
2026-07-18 18:35:45,784 - INFO - Wrote 23 rows to c:\Users\Lenovo\CascadeProjects\codebase\storage/raw\events\year=2024\month=06\day=01\events.parquet
2026-07-18 18:35:45,796 - INFO - Wrote 31 rows to c:\Users\Lenovo\CascadeProjects\codebase\storage/raw\events\year=2024\month=06\day=02\events.parquet
2026-07-18 18:35:45,810 - INFO - Wrote 41 rows to c:\Users\Lenovo\CascadeProjects\codebase\storage/raw\events\year=2024\month=06\day=03\events.parquet
2026-07-18 18:35:45,824 - INFO - Wrote 26 rows to c:\Users\Lenovo\CascadeProjects\codebase\storage/raw\events\year=2024\month=06\day=04\events.parquet
2026-07-18 18:35:45,839 - INFO - Wrote 31 rows to c:\Users\Lenovo\CascadeProjects\codebase\storage/raw\events\year=2024\month=06\day=05\events.parquet
2026-07-18 18:35:45,848 - INFO - Wrote 33 rows to c:\Users\Lenovo\CascadeProjects\codebase\storage/raw\events\year=2024\month=06\day=06\events.parquet
2026-07-18 18:35:45,860 - INFO - Wrote 36 rows to c:\Users\Lenovo\CascadeProjects\codebase\storage/raw\events\year=2024\month=06\day=07\events.parquet
2026-07-18 18:35:45,874 - INFO - Wrote 38 rows to c:\Users\Lenovo\CascadeProjects\codebase\storage/raw\events\year=2024\month=06\day=08\events.parquet
2026-07-18 18:35:45,886 - INFO - Wrote 21 rows to c:\Users\Lenovo\CascadeProjects\codebase\storage/raw\events\year=2024\month=06\day=09\events.parquet
2026-07-18 18:35:45,898 - INFO - Wrote 29 rows to c:\Users\Lenovo\CascadeProjects\codebase\storage/raw\events\year=2024\month=06\day=10\events.parquet
2026-07-18 18:35:45,912 - INFO - Wrote 31 rows to c:\Users\Lenovo\CascadeProjects\codebase\storage/raw\events\year=2024\month=06\day=11\events.parquet
2026-07-18 18:35:45,926 - INFO - Wrote 31 rows to c:\Users\Lenovo\CascadeProjects\codebase\storage/raw\events\year=2024\month=06\day=12\events.parquet
2026-07-18 18:35:45,939 - INFO - Wrote 34 rows to c:\Users\Lenovo\CascadeProjects\codebase\storage/raw\events\year=2024\month=06\day=13\events.parquet
2026-07-18 18:35:45,951 - INFO - Wrote 33 rows to c:\Users\Lenovo\CascadeProjects\codebase\storage/raw\events\year=2024\month=06\day=14\events.parquet
2026-07-18 18:35:45,965 - INFO - Wrote 22 rows to c:\Users\Lenovo\CascadeProjects\codebase\storage/raw\events\year=2024\month=06\day=15\events.parquet
2026-07-18 18:35:45,979 - INFO - Wrote 28 rows to c:\Users\Lenovo\CascadeProjects\codebase\storage/raw\events\year=2024\month=06\day=16\events.parquet
2026-07-18 18:35:45,992 - INFO - Wrote 29 rows to c:\Users\Lenovo\CascadeProjects\codebase\storage/raw\events\year=2024\month=06\day=17\events.parquet
2026-07-18 18:35:46,004 - INFO - Wrote 24 rows to c:\Users\Lenovo\CascadeProjects\codebase\storage/raw\events\year=2024\month=06\day=18\events.parquet
2026-07-18 18:35:46,023 - INFO - Wrote 27 rows to c:\Users\Lenovo\CascadeProjects\codebase\storage/raw\events\year=2024\month=06\day=19\events.parquet
2026-07-18 18:35:46,038 - INFO - Wrote 29 rows to c:\Users\Lenovo\CascadeProjects\codebase\storage/raw\events\year=2024\month=06\day=20\events.parquet
2026-07-18 18:35:46,054 - INFO - Wrote 18 rows to c:\Users\Lenovo\CascadeProjects\codebase\storage/raw\events\year=2024\month=06\day=21\events.parquet
2026-07-18 18:35:46,070 - INFO - Wrote 22 rows to c:\Users\Lenovo\CascadeProjects\codebase\storage/raw\events\year=2024\month=06\day=22\events.parquet
2026-07-18 18:35:46,082 - INFO - Wrote 22 rows to c:\Users\Lenovo\CascadeProjects\codebase\storage/raw\events\year=2024\month=06\day=23\events.parquet
2026-07-18 18:35:46,093 - INFO - Wrote 33 rows to c:\Users\Lenovo\CascadeProjects\codebase\storage/raw\events\year=2024\month=06\day=24\events.parquet
2026-07-18 18:35:46,106 - INFO - Wrote 26 rows to c:\Users\Lenovo\CascadeProjects\codebase\storage/raw\events\year=2024\month=06\day=25\events.parquet
2026-07-18 18:35:46,123 - INFO - Wrote 18 rows to c:\Users\Lenovo\CascadeProjects\codebase\storage/raw\events\year=2024\month=06\day=26\events.parquet
2026-07-18 18:35:46,137 - INFO - Wrote 33 rows to c:\Users\Lenovo\CascadeProjects\codebase\storage/raw\events\year=2024\month=06\day=27\events.parquet
2026-07-18 18:35:46,151 - INFO - Wrote 30 rows to c:\Users\Lenovo\CascadeProjects\codebase\storage/raw\events\year=2024\month=06\day=28\events.parquet
2026-07-18 18:35:46,169 - INFO - Wrote 27 rows to c:\Users\Lenovo\CascadeProjects\codebase\storage/raw\events\year=2024\month=06\day=29\events.parquet
2026-07-18 18:35:46,179 - INFO - Wrote 28 rows to c:\Users\Lenovo\CascadeProjects\codebase\storage/raw\events\year=2024\month=06\day=30\events.parquet
2026-07-18 18:35:46,192 - INFO - Wrote 21 rows to c:\Users\Lenovo\CascadeProjects\codebase\storage/raw\events\year=2024\month=07\day=01\events.parquet
2026-07-18 18:35:46,209 - INFO - Wrote 26 rows to c:\Users\Lenovo\CascadeProjects\codebase\storage/raw\events\year=2024\month=07\day=02\events.parquet
2026-07-18 18:35:46,222 - INFO - Wrote 25 rows to c:\Users\Lenovo\CascadeProjects\codebase\storage/raw\events\year=2024\month=07\day=03\events.parquet
2026-07-18 18:35:46,239 - INFO - Wrote 30 rows to c:\Users\Lenovo\CascadeProjects\codebase\storage/raw\events\year=2024\month=07\day=04\events.parquet
2026-07-18 18:35:46,255 - INFO - Wrote 22 rows to c:\Users\Lenovo\CascadeProjects\codebase\storage/raw\events\year=2024\month=07\day=05\events.parquet
2026-07-18 18:35:46,271 - INFO - Wrote 23 rows to c:\Users\Lenovo\CascadeProjects\codebase\storage/raw\events\year=2024\month=07\day=06\events.parquet
2026-07-18 18:35:46,285 - INFO - Wrote 15 rows to c:\Users\Lenovo\CascadeProjects\codebase\storage/raw\events\year=2024\month=07\day=07\events.parquet
2026-07-18 18:35:46,296 - INFO - Wrote 25 rows to c:\Users\Lenovo\CascadeProjects\codebase\storage/raw\events\year=2024\month=07\day=08\events.parquet
2026-07-18 18:35:46,310 - INFO - Wrote 25 rows to c:\Users\Lenovo\CascadeProjects\codebase\storage/raw\events\year=2024\month=07\day=09\events.parquet
2026-07-18 18:35:46,322 - INFO - Wrote 33 rows to c:\Users\Lenovo\CascadeProjects\codebase\storage/raw\events\year=2024\month=07\day=10\events.parquet
2026-07-18 18:35:46,336 - INFO - Wrote 24 rows to c:\Users\Lenovo\CascadeProjects\codebase\storage/raw\events\year=2024\month=07\day=11\events.parquet
2026-07-18 18:35:46,348 - INFO - Wrote 22 rows to c:\Users\Lenovo\CascadeProjects\codebase\storage/raw\events\year=2024\month=07\day=12\events.parquet
2026-07-18 18:35:46,361 - INFO - Wrote 32 rows to c:\Users\Lenovo\CascadeProjects\codebase\storage/raw\events\year=2024\month=07\day=13\events.parquet
2026-07-18 18:35:46,373 - INFO - Wrote 26 rows to c:\Users\Lenovo\CascadeProjects\codebase\storage/raw\events\year=2024\month=07\day=14\events.parquet
2026-07-18 18:35:46,386 - INFO - Wrote 27 rows to c:\Users\Lenovo\CascadeProjects\codebase\storage/raw\events\year=2024\month=07\day=15\events.parquet
2026-07-18 18:35:46,396 - INFO - Wrote 28 rows to c:\Users\Lenovo\CascadeProjects\codebase\storage/raw\events\year=2024\month=07\day=16\events.parquet
2026-07-18 18:35:46,407 - INFO - Wrote 24 rows to c:\Users\Lenovo\CascadeProjects\codebase\storage/raw\events\year=2024\month=07\day=17\events.parquet
2026-07-18 18:35:46,421 - INFO - Wrote 29 rows to c:\Users\Lenovo\CascadeProjects\codebase\storage/raw\events\year=2024\month=07\day=18\events.parquet
2026-07-18 18:35:46,430 - INFO - Wrote 25 rows to c:\Users\Lenovo\CascadeProjects\codebase\storage/raw\events\year=2024\month=07\day=19\events.parquet
2026-07-18 18:35:46,443 - INFO - Wrote 28 rows to c:\Users\Lenovo\CascadeProjects\codebase\storage/raw\events\year=2024\month=07\day=20\events.parquet
2026-07-18 18:35:46,453 - INFO - Wrote 30 rows to c:\Users\Lenovo\CascadeProjects\codebase\storage/raw\events\year=2024\month=07\day=21\events.parquet
2026-07-18 18:35:46,463 - INFO - Wrote 22 rows to c:\Users\Lenovo\CascadeProjects\codebase\storage/raw\events\year=2024\month=07\day=22\events.parquet
2026-07-18 18:35:46,478 - INFO - Wrote 33 rows to c:\Users\Lenovo\CascadeProjects\codebase\storage/raw\events\year=2024\month=07\day=23\events.parquet
2026-07-18 18:35:46,492 - INFO - Wrote 32 rows to c:\Users\Lenovo\CascadeProjects\codebase\storage/raw\events\year=2024\month=07\day=24\events.parquet
2026-07-18 18:35:46,508 - INFO - Wrote 15 rows to c:\Users\Lenovo\CascadeProjects\codebase\storage/raw\events\year=2024\month=07\day=25\events.parquet
2026-07-18 18:35:46,525 - INFO - Wrote 30 rows to c:\Users\Lenovo\CascadeProjects\codebase\storage/raw\events\year=2024\month=07\day=26\events.parquet
2026-07-18 18:35:46,541 - INFO - Wrote 27 rows to c:\Users\Lenovo\CascadeProjects\codebase\storage/raw\events\year=2024\month=07\day=27\events.parquet
2026-07-18 18:35:46,558 - INFO - Wrote 28 rows to c:\Users\Lenovo\CascadeProjects\codebase\storage/raw\events\year=2024\month=07\day=28\events.parquet
2026-07-18 18:35:46,575 - INFO - Wrote 16 rows to c:\Users\Lenovo\CascadeProjects\codebase\storage/raw\events\year=2024\month=07\day=29\events.parquet
2026-07-18 18:35:46,589 - INFO - Wrote 22 rows to c:\Users\Lenovo\CascadeProjects\codebase\storage/raw\events\year=2024\month=07\day=30\events.parquet
2026-07-18 18:35:46,605 - INFO - Wrote 32 rows to c:\Users\Lenovo\CascadeProjects\codebase\storage/raw\events\year=2024\month=07\day=31\events.parquet
2026-07-18 18:35:46,620 - INFO - Wrote 26 rows to c:\Users\Lenovo\CascadeProjects\codebase\storage/raw\events\year=2024\month=08\day=01\events.parquet
2026-07-18 18:35:46,633 - INFO - Wrote 26 rows to c:\Users\Lenovo\CascadeProjects\codebase\storage/raw\events\year=2024\month=08\day=02\events.parquet
2026-07-18 18:35:46,651 - INFO - Wrote 27 rows to c:\Users\Lenovo\CascadeProjects\codebase\storage/raw\events\year=2024\month=08\day=03\events.parquet
2026-07-18 18:35:46,662 - INFO - Wrote 25 rows to c:\Users\Lenovo\CascadeProjects\codebase\storage/raw\events\year=2024\month=08\day=04\events.parquet
2026-07-18 18:35:46,676 - INFO - Wrote 20 rows to c:\Users\Lenovo\CascadeProjects\codebase\storage/raw\events\year=2024\month=08\day=05\events.parquet
2026-07-18 18:35:46,699 - INFO - Wrote 25 rows to c:\Users\Lenovo\CascadeProjects\codebase\storage/raw\events\year=2024\month=08\day=06\events.parquet
2026-07-18 18:35:46,711 - INFO - Wrote 33 rows to c:\Users\Lenovo\CascadeProjects\codebase\storage/raw\events\year=2024\month=08\day=07\events.parquet
2026-07-18 18:35:46,722 - INFO - Wrote 34 rows to c:\Users\Lenovo\CascadeProjects\codebase\storage/raw\events\year=2024\month=08\day=08\events.parquet
2026-07-18 18:35:46,739 - INFO - Wrote 28 rows to c:\Users\Lenovo\CascadeProjects\codebase\storage/raw\events\year=2024\month=08\day=09\events.parquet
2026-07-18 18:35:46,753 - INFO - Wrote 25 rows to c:\Users\Lenovo\CascadeProjects\codebase\storage/raw\events\year=2024\month=08\day=10\events.parquet
2026-07-18 18:35:46,787 - INFO - Wrote 33 rows to c:\Users\Lenovo\CascadeProjects\codebase\storage/raw\events\year=2024\month=08\day=11\events.parquet
2026-07-18 18:35:46,807 - INFO - Wrote 23 rows to c:\Users\Lenovo\CascadeProjects\codebase\storage/raw\events\year=2024\month=08\day=12\events.parquet
2026-07-18 18:35:46,822 - INFO - Wrote 31 rows to c:\Users\Lenovo\CascadeProjects\codebase\storage/raw\events\year=2024\month=08\day=13\events.parquet
2026-07-18 18:35:46,836 - INFO - Wrote 29 rows to c:\Users\Lenovo\CascadeProjects\codebase\storage/raw\events\year=2024\month=08\day=14\events.parquet
2026-07-18 18:35:46,853 - INFO - Wrote 21 rows to c:\Users\Lenovo\CascadeProjects\codebase\storage/raw\events\year=2024\month=08\day=15\events.parquet
2026-07-18 18:35:46,869 - INFO - Wrote 32 rows to c:\Users\Lenovo\CascadeProjects\codebase\storage/raw\events\year=2024\month=08\day=16\events.parquet
2026-07-18 18:35:46,880 - INFO - Wrote 27 rows to c:\Users\Lenovo\CascadeProjects\codebase\storage/raw\events\year=2024\month=08\day=17\events.parquet
2026-07-18 18:35:46,890 - INFO - Wrote 27 rows to c:\Users\Lenovo\CascadeProjects\codebase\storage/raw\events\year=2024\month=08\day=18\events.parquet
2026-07-18 18:35:46,902 - INFO - Wrote 30 rows to c:\Users\Lenovo\CascadeProjects\codebase\storage/raw\events\year=2024\month=08\day=19\events.parquet
2026-07-18 18:35:46,913 - INFO - Wrote 24 rows to c:\Users\Lenovo\CascadeProjects\codebase\storage/raw\events\year=2024\month=08\day=20\events.parquet
2026-07-18 18:35:46,927 - INFO - Wrote 29 rows to c:\Users\Lenovo\CascadeProjects\codebase\storage/raw\events\year=2024\month=08\day=21\events.parquet
2026-07-18 18:35:46,941 - INFO - Wrote 32 rows to c:\Users\Lenovo\CascadeProjects\codebase\storage/raw\events\year=2024\month=08\day=22\events.parquet
2026-07-18 18:35:46,952 - INFO - Wrote 30 rows to c:\Users\Lenovo\CascadeProjects\codebase\storage/raw\events\year=2024\month=08\day=23\events.parquet
2026-07-18 18:35:46,962 - INFO - Wrote 42 rows to c:\Users\Lenovo\CascadeProjects\codebase\storage/raw\events\year=2024\month=08\day=24\events.parquet
2026-07-18 18:35:46,976 - INFO - Wrote 24 rows to c:\Users\Lenovo\CascadeProjects\codebase\storage/raw\events\year=2024\month=08\day=25\events.parquet
2026-07-18 18:35:46,989 - INFO - Wrote 25 rows to c:\Users\Lenovo\CascadeProjects\codebase\storage/raw\events\year=2024\month=08\day=26\events.parquet
2026-07-18 18:35:46,998 - INFO - Wrote 26 rows to c:\Users\Lenovo\CascadeProjects\codebase\storage/raw\events\year=2024\month=08\day=27\events.parquet
2026-07-18 18:35:47,010 - INFO - Wrote 21 rows to c:\Users\Lenovo\CascadeProjects\codebase\storage/raw\events\year=2024\month=08\day=28\events.parquet
2026-07-18 18:35:47,025 - INFO - Wrote 22 rows to c:\Users\Lenovo\CascadeProjects\codebase\storage/raw\events\year=2024\month=08\day=29\events.parquet
2026-07-18 18:35:47,038 - INFO - Wrote 23 rows to c:\Users\Lenovo\CascadeProjects\codebase\storage/raw\events\year=2024\month=08\day=30\events.parquet
2026-07-18 18:35:47,051 - INFO - Wrote 32 rows to c:\Users\Lenovo\CascadeProjects\codebase\storage/raw\events\year=2024\month=08\day=31\events.parquet
2026-07-18 18:35:47,071 - INFO - Wrote 29 rows to c:\Users\Lenovo\CascadeProjects\codebase\storage/raw\events\year=2024\month=09\day=01\events.parquet
2026-07-18 18:35:47,083 - INFO - Wrote 38 rows to c:\Users\Lenovo\CascadeProjects\codebase\storage/raw\events\year=2024\month=09\day=02\events.parquet
2026-07-18 18:35:47,098 - INFO - Wrote 19 rows to c:\Users\Lenovo\CascadeProjects\codebase\storage/raw\events\year=2024\month=09\day=03\events.parquet
2026-07-18 18:35:47,120 - INFO - Wrote 25 rows to c:\Users\Lenovo\CascadeProjects\codebase\storage/raw\events\year=2024\month=09\day=04\events.parquet
2026-07-18 18:35:47,132 - INFO - Wrote 22 rows to c:\Users\Lenovo\CascadeProjects\codebase\storage/raw\events\year=2024\month=09\day=05\events.parquet
2026-07-18 18:35:47,147 - INFO - Wrote 31 rows to c:\Users\Lenovo\CascadeProjects\codebase\storage/raw\events\year=2024\month=09\day=06\events.parquet
2026-07-18 18:35:47,170 - INFO - Wrote 26 rows to c:\Users\Lenovo\CascadeProjects\codebase\storage/raw\events\year=2024\month=09\day=07\events.parquet
2026-07-18 18:35:47,189 - INFO - Wrote 26 rows to c:\Users\Lenovo\CascadeProjects\codebase\storage/raw\events\year=2024\month=09\day=08\events.parquet
2026-07-18 18:35:47,208 - INFO - Wrote 32 rows to c:\Users\Lenovo\CascadeProjects\codebase\storage/raw\events\year=2024\month=09\day=09\events.parquet
2026-07-18 18:35:47,239 - INFO - Wrote 38 rows to c:\Users\Lenovo\CascadeProjects\codebase\storage/raw\events\year=2024\month=09\day=10\events.parquet
2026-07-18 18:35:47,256 - INFO - Wrote 27 rows to c:\Users\Lenovo\CascadeProjects\codebase\storage/raw\events\year=2024\month=09\day=11\events.parquet
2026-07-18 18:35:47,272 - INFO - Wrote 31 rows to c:\Users\Lenovo\CascadeProjects\codebase\storage/raw\events\year=2024\month=09\day=12\events.parquet
2026-07-18 18:35:47,296 - INFO - Wrote 27 rows to c:\Users\Lenovo\CascadeProjects\codebase\storage/raw\events\year=2024\month=09\day=13\events.parquet
2026-07-18 18:35:47,325 - INFO - Wrote 28 rows to c:\Users\Lenovo\CascadeProjects\codebase\storage/raw\events\year=2024\month=09\day=14\events.parquet
2026-07-18 18:35:47,337 - INFO - Wrote 32 rows to c:\Users\Lenovo\CascadeProjects\codebase\storage/raw\events\year=2024\month=09\day=15\events.parquet
2026-07-18 18:35:47,349 - INFO - Wrote 32 rows to c:\Users\Lenovo\CascadeProjects\codebase\storage/raw\events\year=2024\month=09\day=16\events.parquet
2026-07-18 18:35:47,361 - INFO - Wrote 22 rows to c:\Users\Lenovo\CascadeProjects\codebase\storage/raw\events\year=2024\month=09\day=17\events.parquet
2026-07-18 18:35:47,376 - INFO - Wrote 27 rows to c:\Users\Lenovo\CascadeProjects\codebase\storage/raw\events\year=2024\month=09\day=18\events.parquet
2026-07-18 18:35:47,389 - INFO - Wrote 32 rows to c:\Users\Lenovo\CascadeProjects\codebase\storage/raw\events\year=2024\month=09\day=19\events.parquet
2026-07-18 18:35:47,403 - INFO - Wrote 32 rows to c:\Users\Lenovo\CascadeProjects\codebase\storage/raw\events\year=2024\month=09\day=20\events.parquet
2026-07-18 18:35:47,414 - INFO - Wrote 38 rows to c:\Users\Lenovo\CascadeProjects\codebase\storage/raw\events\year=2024\month=09\day=21\events.parquet
2026-07-18 18:35:47,425 - INFO - Wrote 33 rows to c:\Users\Lenovo\CascadeProjects\codebase\storage/raw\events\year=2024\month=09\day=22\events.parquet
2026-07-18 18:35:47,438 - INFO - Wrote 37 rows to c:\Users\Lenovo\CascadeProjects\codebase\storage/raw\events\year=2024\month=09\day=23\events.parquet
2026-07-18 18:35:47,451 - INFO - Wrote 21 rows to c:\Users\Lenovo\CascadeProjects\codebase\storage/raw\events\year=2024\month=09\day=24\events.parquet
2026-07-18 18:35:47,460 - INFO - Wrote 28 rows to c:\Users\Lenovo\CascadeProjects\codebase\storage/raw\events\year=2024\month=09\day=25\events.parquet
2026-07-18 18:35:47,475 - INFO - Wrote 27 rows to c:\Users\Lenovo\CascadeProjects\codebase\storage/raw\events\year=2024\month=09\day=26\events.parquet
2026-07-18 18:35:47,495 - INFO - Wrote 23 rows to c:\Users\Lenovo\CascadeProjects\codebase\storage/raw\events\year=2024\month=09\day=27\events.parquet
2026-07-18 18:35:47,508 - INFO - Wrote 26 rows to c:\Users\Lenovo\CascadeProjects\codebase\storage/raw\events\year=2024\month=09\day=28\events.parquet
2026-07-18 18:35:47,523 - INFO - Wrote 25 rows to c:\Users\Lenovo\CascadeProjects\codebase\storage/raw\events\year=2024\month=09\day=29\events.parquet
2026-07-18 18:35:47,538 - INFO - Wrote 20 rows to c:\Users\Lenovo\CascadeProjects\codebase\storage/raw\events\year=2024\month=09\day=30\events.parquet
2026-07-18 18:35:47,549 - INFO - Wrote 30 rows to c:\Users\Lenovo\CascadeProjects\codebase\storage/raw\events\year=2024\month=10\day=01\events.parquet
2026-07-18 18:35:47,563 - INFO - Wrote 23 rows to c:\Users\Lenovo\CascadeProjects\codebase\storage/raw\events\year=2024\month=10\day=02\events.parquet
2026-07-18 18:35:47,615 - INFO - Wrote 24 rows to c:\Users\Lenovo\CascadeProjects\codebase\storage/raw\events\year=2024\month=10\day=03\events.parquet
2026-07-18 18:35:47,714 - INFO - Wrote 20 rows to c:\Users\Lenovo\CascadeProjects\codebase\storage/raw\events\year=2024\month=10\day=04\events.parquet
2026-07-18 18:35:47,802 - INFO - Wrote 18 rows to c:\Users\Lenovo\CascadeProjects\codebase\storage/raw\events\year=2024\month=10\day=05\events.parquet
2026-07-18 18:35:47,844 - INFO - Wrote 28 rows to c:\Users\Lenovo\CascadeProjects\codebase\storage/raw\events\year=2024\month=10\day=06\events.parquet
2026-07-18 18:35:47,866 - INFO - Wrote 35 rows to c:\Users\Lenovo\CascadeProjects\codebase\storage/raw\events\year=2024\month=10\day=07\events.parquet
2026-07-18 18:35:47,877 - INFO - Wrote 28 rows to c:\Users\Lenovo\CascadeProjects\codebase\storage/raw\events\year=2024\month=10\day=08\events.parquet
2026-07-18 18:35:47,889 - INFO - Wrote 24 rows to c:\Users\Lenovo\CascadeProjects\codebase\storage/raw\events\year=2024\month=10\day=09\events.parquet
2026-07-18 18:35:47,902 - INFO - Wrote 26 rows to c:\Users\Lenovo\CascadeProjects\codebase\storage/raw\events\year=2024\month=10\day=10\events.parquet
2026-07-18 18:35:47,917 - INFO - Wrote 40 rows to c:\Users\Lenovo\CascadeProjects\codebase\storage/raw\events\year=2024\month=10\day=11\events.parquet
2026-07-18 18:35:47,929 - INFO - Wrote 12 rows to c:\Users\Lenovo\CascadeProjects\codebase\storage/raw\events\year=2024\month=10\day=12\events.parquet
2026-07-18 18:35:47,940 - INFO - Wrote 28 rows to c:\Users\Lenovo\CascadeProjects\codebase\storage/raw\events\year=2024\month=10\day=13\events.parquet
2026-07-18 18:35:47,952 - INFO - Wrote 29 rows to c:\Users\Lenovo\CascadeProjects\codebase\storage/raw\events\year=2024\month=10\day=14\events.parquet
2026-07-18 18:35:47,963 - INFO - Wrote 38 rows to c:\Users\Lenovo\CascadeProjects\codebase\storage/raw\events\year=2024\month=10\day=15\events.parquet
2026-07-18 18:35:47,976 - INFO - Wrote 36 rows to c:\Users\Lenovo\CascadeProjects\codebase\storage/raw\events\year=2024\month=10\day=16\events.parquet
2026-07-18 18:35:47,987 - INFO - Wrote 27 rows to c:\Users\Lenovo\CascadeProjects\codebase\storage/raw\events\year=2024\month=10\day=17\events.parquet
2026-07-18 18:35:47,999 - INFO - Wrote 25 rows to c:\Users\Lenovo\CascadeProjects\codebase\storage/raw\events\year=2024\month=10\day=18\events.parquet
2026-07-18 18:35:48,010 - INFO - Wrote 19 rows to c:\Users\Lenovo\CascadeProjects\codebase\storage/raw\events\year=2024\month=10\day=19\events.parquet
2026-07-18 18:35:48,025 - INFO - Wrote 23 rows to c:\Users\Lenovo\CascadeProjects\codebase\storage/raw\events\year=2024\month=10\day=20\events.parquet
2026-07-18 18:35:48,038 - INFO - Wrote 27 rows to c:\Users\Lenovo\CascadeProjects\codebase\storage/raw\events\year=2024\month=10\day=21\events.parquet
2026-07-18 18:35:48,052 - INFO - Wrote 27 rows to c:\Users\Lenovo\CascadeProjects\codebase\storage/raw\events\year=2024\month=10\day=22\events.parquet
2026-07-18 18:35:48,063 - INFO - Wrote 26 rows to c:\Users\Lenovo\CascadeProjects\codebase\storage/raw\events\year=2024\month=10\day=23\events.parquet
2026-07-18 18:35:48,075 - INFO - Wrote 20 rows to c:\Users\Lenovo\CascadeProjects\codebase\storage/raw\events\year=2024\month=10\day=24\events.parquet
2026-07-18 18:35:48,091 - INFO - Wrote 19 rows to c:\Users\Lenovo\CascadeProjects\codebase\storage/raw\events\year=2024\month=10\day=25\events.parquet
2026-07-18 18:35:48,104 - INFO - Wrote 28 rows to c:\Users\Lenovo\CascadeProjects\codebase\storage/raw\events\year=2024\month=10\day=26\events.parquet
2026-07-18 18:35:48,123 - INFO - Wrote 31 rows to c:\Users\Lenovo\CascadeProjects\codebase\storage/raw\events\year=2024\month=10\day=27\events.parquet
2026-07-18 18:35:48,137 - INFO - Wrote 27 rows to c:\Users\Lenovo\CascadeProjects\codebase\storage/raw\events\year=2024\month=10\day=28\events.parquet
2026-07-18 18:35:48,157 - INFO - Wrote 27 rows to c:\Users\Lenovo\CascadeProjects\codebase\storage/raw\events\year=2024\month=10\day=29\events.parquet
2026-07-18 18:35:48,176 - INFO - Wrote 30 rows to c:\Users\Lenovo\CascadeProjects\codebase\storage/raw\events\year=2024\month=10\day=30\events.parquet
2026-07-18 18:35:48,203 - INFO - Wrote 30 rows to c:\Users\Lenovo\CascadeProjects\codebase\storage/raw\events\year=2024\month=10\day=31\events.parquet
2026-07-18 18:35:48,220 - INFO - Wrote 19 rows to c:\Users\Lenovo\CascadeProjects\codebase\storage/raw\events\year=2024\month=11\day=01\events.parquet
2026-07-18 18:35:48,235 - INFO - Wrote 28 rows to c:\Users\Lenovo\CascadeProjects\codebase\storage/raw\events\year=2024\month=11\day=02\events.parquet
2026-07-18 18:35:48,250 - INFO - Wrote 16 rows to c:\Users\Lenovo\CascadeProjects\codebase\storage/raw\events\year=2024\month=11\day=03\events.parquet
2026-07-18 18:35:48,266 - INFO - Wrote 22 rows to c:\Users\Lenovo\CascadeProjects\codebase\storage/raw\events\year=2024\month=11\day=04\events.parquet
2026-07-18 18:35:48,279 - INFO - Wrote 31 rows to c:\Users\Lenovo\CascadeProjects\codebase\storage/raw\events\year=2024\month=11\day=05\events.parquet
2026-07-18 18:35:48,292 - INFO - Wrote 22 rows to c:\Users\Lenovo\CascadeProjects\codebase\storage/raw\events\year=2024\month=11\day=06\events.parquet
2026-07-18 18:35:48,309 - INFO - Wrote 33 rows to c:\Users\Lenovo\CascadeProjects\codebase\storage/raw\events\year=2024\month=11\day=07\events.parquet
2026-07-18 18:35:48,327 - INFO - Wrote 33 rows to c:\Users\Lenovo\CascadeProjects\codebase\storage/raw\events\year=2024\month=11\day=08\events.parquet
2026-07-18 18:35:48,377 - INFO - Wrote 25 rows to c:\Users\Lenovo\CascadeProjects\codebase\storage/raw\events\year=2024\month=11\day=09\events.parquet
2026-07-18 18:35:48,404 - INFO - Wrote 27 rows to c:\Users\Lenovo\CascadeProjects\codebase\storage/raw\events\year=2024\month=11\day=10\events.parquet
2026-07-18 18:35:48,424 - INFO - Wrote 31 rows to c:\Users\Lenovo\CascadeProjects\codebase\storage/raw\events\year=2024\month=11\day=11\events.parquet
2026-07-18 18:35:48,439 - INFO - Wrote 22 rows to c:\Users\Lenovo\CascadeProjects\codebase\storage/raw\events\year=2024\month=11\day=12\events.parquet
2026-07-18 18:35:48,451 - INFO - Wrote 27 rows to c:\Users\Lenovo\CascadeProjects\codebase\storage/raw\events\year=2024\month=11\day=13\events.parquet
2026-07-18 18:35:48,462 - INFO - Wrote 28 rows to c:\Users\Lenovo\CascadeProjects\codebase\storage/raw\events\year=2024\month=11\day=14\events.parquet
2026-07-18 18:35:48,473 - INFO - Wrote 20 rows to c:\Users\Lenovo\CascadeProjects\codebase\storage/raw\events\year=2024\month=11\day=15\events.parquet
2026-07-18 18:35:48,486 - INFO - Wrote 27 rows to c:\Users\Lenovo\CascadeProjects\codebase\storage/raw\events\year=2024\month=11\day=16\events.parquet
2026-07-18 18:35:48,503 - INFO - Wrote 31 rows to c:\Users\Lenovo\CascadeProjects\codebase\storage/raw\events\year=2024\month=11\day=17\events.parquet
2026-07-18 18:35:48,511 - INFO - Wrote 24 rows to c:\Users\Lenovo\CascadeProjects\codebase\storage/raw\events\year=2024\month=11\day=18\events.parquet
2026-07-18 18:35:48,524 - INFO - Wrote 23 rows to c:\Users\Lenovo\CascadeProjects\codebase\storage/raw\events\year=2024\month=11\day=19\events.parquet
2026-07-18 18:35:48,536 - INFO - Wrote 21 rows to c:\Users\Lenovo\CascadeProjects\codebase\storage/raw\events\year=2024\month=11\day=20\events.parquet
2026-07-18 18:35:48,551 - INFO - Wrote 17 rows to c:\Users\Lenovo\CascadeProjects\codebase\storage/raw\events\year=2024\month=11\day=21\events.parquet
2026-07-18 18:35:48,568 - INFO - Wrote 27 rows to c:\Users\Lenovo\CascadeProjects\codebase\storage/raw\events\year=2024\month=11\day=22\events.parquet
2026-07-18 18:35:48,584 - INFO - Wrote 27 rows to c:\Users\Lenovo\CascadeProjects\codebase\storage/raw\events\year=2024\month=11\day=23\events.parquet
2026-07-18 18:35:48,601 - INFO - Wrote 37 rows to c:\Users\Lenovo\CascadeProjects\codebase\storage/raw\events\year=2024\month=11\day=24\events.parquet
2026-07-18 18:35:48,615 - INFO - Wrote 31 rows to c:\Users\Lenovo\CascadeProjects\codebase\storage/raw\events\year=2024\month=11\day=25\events.parquet
2026-07-18 18:35:48,629 - INFO - Wrote 22 rows to c:\Users\Lenovo\CascadeProjects\codebase\storage/raw\events\year=2024\month=11\day=26\events.parquet
2026-07-18 18:35:48,644 - INFO - Wrote 28 rows to c:\Users\Lenovo\CascadeProjects\codebase\storage/raw\events\year=2024\month=11\day=27\events.parquet
2026-07-18 18:35:48,657 - INFO - Wrote 24 rows to c:\Users\Lenovo\CascadeProjects\codebase\storage/raw\events\year=2024\month=11\day=28\events.parquet
2026-07-18 18:35:48,671 - INFO - Wrote 30 rows to c:\Users\Lenovo\CascadeProjects\codebase\storage/raw\events\year=2024\month=11\day=29\events.parquet
2026-07-18 18:35:48,684 - INFO - Wrote 20 rows to c:\Users\Lenovo\CascadeProjects\codebase\storage/raw\events\year=2024\month=11\day=30\events.parquet
2026-07-18 18:35:48,696 - INFO - Wrote 32 rows to c:\Users\Lenovo\CascadeProjects\codebase\storage/raw\events\year=2024\month=12\day=01\events.parquet
2026-07-18 18:35:48,706 - INFO - Wrote 18 rows to c:\Users\Lenovo\CascadeProjects\codebase\storage/raw\events\year=2024\month=12\day=02\events.parquet
2026-07-18 18:35:48,715 - INFO - Wrote 31 rows to c:\Users\Lenovo\CascadeProjects\codebase\storage/raw\events\year=2024\month=12\day=03\events.parquet
2026-07-18 18:35:48,725 - INFO - Wrote 20 rows to c:\Users\Lenovo\CascadeProjects\codebase\storage/raw\events\year=2024\month=12\day=04\events.parquet
2026-07-18 18:35:48,737 - INFO - Wrote 33 rows to c:\Users\Lenovo\CascadeProjects\codebase\storage/raw\events\year=2024\month=12\day=05\events.parquet
2026-07-18 18:35:48,747 - INFO - Wrote 26 rows to c:\Users\Lenovo\CascadeProjects\codebase\storage/raw\events\year=2024\month=12\day=06\events.parquet
2026-07-18 18:35:48,758 - INFO - Wrote 18 rows to c:\Users\Lenovo\CascadeProjects\codebase\storage/raw\events\year=2024\month=12\day=07\events.parquet
2026-07-18 18:35:48,770 - INFO - Wrote 29 rows to c:\Users\Lenovo\CascadeProjects\codebase\storage/raw\events\year=2024\month=12\day=08\events.parquet
2026-07-18 18:35:48,784 - INFO - Wrote 27 rows to c:\Users\Lenovo\CascadeProjects\codebase\storage/raw\events\year=2024\month=12\day=09\events.parquet
2026-07-18 18:35:48,794 - INFO - Wrote 25 rows to c:\Users\Lenovo\CascadeProjects\codebase\storage/raw\events\year=2024\month=12\day=10\events.parquet
2026-07-18 18:35:48,805 - INFO - Wrote 39 rows to c:\Users\Lenovo\CascadeProjects\codebase\storage/raw\events\year=2024\month=12\day=11\events.parquet
2026-07-18 18:35:48,815 - INFO - Wrote 32 rows to c:\Users\Lenovo\CascadeProjects\codebase\storage/raw\events\year=2024\month=12\day=12\events.parquet
2026-07-18 18:35:48,827 - INFO - Wrote 30 rows to c:\Users\Lenovo\CascadeProjects\codebase\storage/raw\events\year=2024\month=12\day=13\events.parquet
2026-07-18 18:35:48,840 - INFO - Wrote 32 rows to c:\Users\Lenovo\CascadeProjects\codebase\storage/raw\events\year=2024\month=12\day=14\events.parquet
2026-07-18 18:35:48,852 - INFO - Wrote 27 rows to c:\Users\Lenovo\CascadeProjects\codebase\storage/raw\events\year=2024\month=12\day=15\events.parquet
2026-07-18 18:35:48,863 - INFO - Wrote 23 rows to c:\Users\Lenovo\CascadeProjects\codebase\storage/raw\events\year=2024\month=12\day=16\events.parquet
2026-07-18 18:35:48,878 - INFO - Wrote 27 rows to c:\Users\Lenovo\CascadeProjects\codebase\storage/raw\events\year=2024\month=12\day=17\events.parquet
2026-07-18 18:35:48,890 - INFO - Wrote 32 rows to c:\Users\Lenovo\CascadeProjects\codebase\storage/raw\events\year=2024\month=12\day=18\events.parquet
2026-07-18 18:35:48,905 - INFO - Wrote 18 rows to c:\Users\Lenovo\CascadeProjects\codebase\storage/raw\events\year=2024\month=12\day=19\events.parquet
2026-07-18 18:35:48,917 - INFO - Wrote 26 rows to c:\Users\Lenovo\CascadeProjects\codebase\storage/raw\events\year=2024\month=12\day=20\events.parquet
2026-07-18 18:35:48,929 - INFO - Wrote 15 rows to c:\Users\Lenovo\CascadeProjects\codebase\storage/raw\events\year=2024\month=12\day=21\events.parquet
2026-07-18 18:35:48,941 - INFO - Wrote 25 rows to c:\Users\Lenovo\CascadeProjects\codebase\storage/raw\events\year=2024\month=12\day=22\events.parquet
2026-07-18 18:35:48,954 - INFO - Wrote 29 rows to c:\Users\Lenovo\CascadeProjects\codebase\storage/raw\events\year=2024\month=12\day=23\events.parquet
2026-07-18 18:35:48,969 - INFO - Wrote 29 rows to c:\Users\Lenovo\CascadeProjects\codebase\storage/raw\events\year=2024\month=12\day=24\events.parquet
2026-07-18 18:35:48,982 - INFO - Wrote 26 rows to c:\Users\Lenovo\CascadeProjects\codebase\storage/raw\events\year=2024\month=12\day=25\events.parquet
2026-07-18 18:35:49,001 - INFO - Wrote 26 rows to c:\Users\Lenovo\CascadeProjects\codebase\storage/raw\events\year=2024\month=12\day=26\events.parquet
2026-07-18 18:35:49,021 - INFO - Wrote 12 rows to c:\Users\Lenovo\CascadeProjects\codebase\storage/raw\events\year=2024\month=12\day=27\events.parquet
2026-07-18 18:35:49,052 - INFO - Wrote 38 rows to c:\Users\Lenovo\CascadeProjects\codebase\storage/raw\events\year=2024\month=12\day=28\events.parquet
2026-07-18 18:35:49,072 - INFO - Wrote 38 rows to c:\Users\Lenovo\CascadeProjects\codebase\storage/raw\events\year=2024\month=12\day=29\events.parquet
2026-07-18 18:35:49,087 - INFO - Wrote 30 rows to c:\Users\Lenovo\CascadeProjects\codebase\storage/raw\events\year=2024\month=12\day=30\events.parquet
2026-07-18 18:35:49,103 - INFO - Wrote 40 rows to c:\Users\Lenovo\CascadeProjects\codebase\storage/raw\events\year=2024\month=12\day=31\events.parquet
2026-07-18 18:35:49,106 - INFO - Processing users partitioning
2026-07-18 18:35:49,107 - INFO - Reading users from c:\Users\Lenovo\CascadeProjects\codebase\data/raw/users.json
2026-07-18 18:35:49,246 - INFO - Read 1000 users from JSON
2026-07-18 18:35:49,335 - INFO - Wrote 1000 rows to c:\Users\Lenovo\CascadeProjects\codebase\storage/raw\users\snapshot_date=2026-07-18\users.parquet
2026-07-18 18:35:49,342 - INFO - ==================================================
2026-07-18 18:35:49,343 - INFO - SUMMARY:
2026-07-18 18:35:49,344 - INFO - Total partitions written: 367
2026-07-18 18:35:49,345 - INFO - Total rows written: 11000
2026-07-18 18:35:49,354 - INFO -   - Events: 366 partitions, 10000 rows
2026-07-18 18:35:49,355 - INFO -   - Users: 1 partitions, 1000 rows
2026-07-18 18:35:49,357 - INFO - ==================================================
2026-07-18 18:35:49,359 - INFO - Storage upload process completed
